# JRE version: Java(TM) SE Runtime Environment (7.0_80-b15) (build 1.7.0_80-b15)
# Java VM: Java HotSpot(TM) 64-Bit Server VM (24.80-b11 mixed mode windows-amd64 compressed oops)
Heap
 PSYoungGen      total 232960K, used 113736K [0x00000000eaa80000, 0x00000000ff680000, 0x0000000100000000)
  eden space 141312K, 75% used [0x00000000eaa80000,0x00000000f12e4d98,0x00000000f3480000)
  from space 91648K, 7% used [0x00000000f9d00000,0x00000000fa3ad5d8,0x00000000ff680000)
  to   space 99328K, 0% used [0x00000000f3480000,0x00000000f3480000,0x00000000f9580000)
 ParOldGen       total 571904K, used 488072K [0x00000000c0000000, 0x00000000e2e80000, 0x00000000eaa80000)
  object space 571904K, 85% used [0x00000000c0000000,0x00000000ddca2370,0x00000000e2e80000)
 PSPermGen       total 57344K, used 40273K [0x00000000bae00000, 0x00000000be600000, 0x00000000c0000000)
  object space 57344K, 70% used [0x00000000bae00000,0x00000000bd554460,0x00000000be600000)
GC Heap History (10 events):
Event: 285.966 GC heap before
{Heap before GC invocations=60 (full 6):
 PSYoungGen      total 232448K, used 145288K [0x00000000eaa80000, 0x00000000ff800000, 0x0000000100000000)
  eden space 132608K, 100% used [0x00000000eaa80000,0x00000000f2c00000,0x00000000f2c00000)
  from space 99840K, 12% used [0x00000000f2c00000,0x00000000f3862238,0x00000000f8d80000)
  to   space 96768K, 0% used [0x00000000f9980000,0x00000000f9980000,0x00000000ff800000)
 ParOldGen       total 571904K, used 459997K [0x00000000c0000000, 0x00000000e2e80000, 0x00000000eaa80000)
  object space 571904K, 80% used [0x00000000c0000000,0x00000000dc137678,0x00000000e2e80000)
 PSPermGen       total 57344K, used 39832K [0x00000000bae00000, 0x00000000be600000, 0x00000000c0000000)
  object space 57344K, 69% used [0x00000000bae00000,0x00000000bd4e6128,0x00000000be600000)
Event: 285.992 GC heap after
Heap after GC invocations=60 (full 6):
 PSYoungGen      total 237568K, used 6835K [0x00000000eaa80000, 0x00000000ff200000, 0x0000000100000000)
  eden space 146944K, 0% used [0x00000000eaa80000,0x00000000eaa80000,0x00000000f3a00000)
  from space 90624K, 7% used [0x00000000f9980000,0x00000000fa02cd20,0x00000000ff200000)
  to   space 94208K, 0% used [0x00000000f3a00000,0x00000000f3a00000,0x00000000f9600000)
 ParOldGen       total 571904K, used 471862K [0x00000000c0000000, 0x00000000e2e80000, 0x00000000eaa80000)
  object space 571904K, 82% used [0x00000000c0000000,0x00000000dcccd9c0,0x00000000e2e80000)
 PSPermGen       total 57344K, used 39832K [0x00000000bae00000, 0x00000000be600000, 0x00000000c0000000)
  object space 57344K, 69% used [0x00000000bae00000,0x00000000bd4e6128,0x00000000be600000)
}
Event: 286.225 GC heap before
{Heap before GC invocations=61 (full 6):
 PSYoungGen      total 237568K, used 153779K [0x00000000eaa80000, 0x00000000ff200000, 0x0000000100000000)
  eden space 146944K, 100% used [0x00000000eaa80000,0x00000000f3a00000,0x00000000f3a00000)
  from space 90624K, 7% used [0x00000000f9980000,0x00000000fa02cd20,0x00000000ff200000)
  to   space 94208K, 0% used [0x00000000f3a00000,0x00000000f3a00000,0x00000000f9600000)
 ParOldGen       total 571904K, used 471862K [0x00000000c0000000, 0x00000000e2e80000, 0x00000000eaa80000)
  object space 571904K, 82% used [0x00000000c0000000,0x00000000dcccd9c0,0x00000000e2e80000)
 PSPermGen       total 57344K, used 39832K [0x00000000bae00000, 0x00000000be600000, 0x00000000c0000000)
  object space 57344K, 69% used [0x00000000bae00000,0x00000000bd4e61c8,0x00000000be600000)
Event: 286.280 GC heap after
Heap after GC invocations=61 (full 6):
 PSYoungGen      total 241152K, used 47369K [0x00000000eaa80000, 0x0000000100000000, 0x0000000100000000)
  eden space 146944K, 0% used [0x00000000eaa80000,0x00000000eaa80000,0x00000000f3a00000)
  from space 94208K, 50% used [0x00000000f3a00000,0x00000000f6842610,0x00000000f9600000)
  to   space 94720K, 0% used [0x00000000fa380000,0x00000000fa380000,0x0000000100000000)
 ParOldGen       total 571904K, used 477058K [0x00000000c0000000, 0x00000000e2e80000, 0x00000000eaa80000)
  object space 571904K, 83% used [0x00000000c0000000,0x00000000dd1e0840,0x00000000e2e80000)
 PSPermGen       total 57344K, used 39832K [0x00000000bae00000, 0x00000000be600000, 0x00000000c0000000)
  object space 57344K, 69% used [0x00000000bae00000,0x00000000bd4e61c8,0x00000000be600000)
}
Event: 286.357 GC heap before
{Heap before GC invocations=62 (full 6):
 PSYoungGen      total 241152K, used 185742K [0x00000000eaa80000, 0x0000000100000000, 0x0000000100000000)
  eden space 146944K, 94% used [0x00000000eaa80000,0x00000000f31a1250,0x00000000f3a00000)
  from space 94208K, 50% used [0x00000000f3a00000,0x00000000f6842610,0x00000000f9600000)
  to   space 94720K, 0% used [0x00000000fa380000,0x00000000fa380000,0x0000000100000000)
 ParOldGen       total 571904K, used 477058K [0x00000000c0000000, 0x00000000e2e80000, 0x00000000eaa80000)
  object space 571904K, 83% used [0x00000000c0000000,0x00000000dd1e0840,0x00000000e2e80000)
 PSPermGen       total 57344K, used 39832K [0x00000000bae00000, 0x00000000be600000, 0x00000000c0000000)
  object space 57344K, 69% used [0x00000000bae00000,0x00000000bd4e61c8,0x00000000be600000)
Event: 286.384 GC heap after
Heap after GC invocations=62 (full 6):
 PSYoungGen      total 229376K, used 82587K [0x00000000eaa80000, 0x0000000100000000, 0x0000000100000000)
  eden space 134656K, 0% used [0x00000000eaa80000,0x00000000eaa80000,0x00000000f2e00000)
  from space 94720K, 87% used [0x00000000fa380000,0x00000000ff426ee8,0x0000000100000000)
  to   space 107520K, 0% used [0x00000000f2e00000,0x00000000f2e00000,0x00000000f9700000)
 ParOldGen       total 571904K, used 487082K [0x00000000c0000000, 0x00000000e2e80000, 0x00000000eaa80000)
  object space 571904K, 85% used [0x00000000c0000000,0x00000000ddbaabf0,0x00000000e2e80000)
 PSPermGen       total 57344K, used 39832K [0x00000000bae00000, 0x00000000be600000, 0x00000000c0000000)
  object space 57344K, 69% used [0x00000000bae00000,0x00000000bd4e61c8,0x00000000be600000)
}
Event: 286.487 GC heap before
{Heap before GC invocations=63 (full 6):
 PSYoungGen      total 229376K, used 217243K [0x00000000eaa80000, 0x0000000100000000, 0x0000000100000000)
  eden space 134656K, 100% used [0x00000000eaa80000,0x00000000f2e00000,0x00000000f2e00000)
  from space 94720K, 87% used [0x00000000fa380000,0x00000000ff426ee8,0x0000000100000000)
  to   space 107520K, 0% used [0x00000000f2e00000,0x00000000f2e00000,0x00000000f9700000)
 ParOldGen       total 571904K, used 487082K [0x00000000c0000000, 0x00000000e2e80000, 0x00000000eaa80000)
  object space 571904K, 85% used [0x00000000c0000000,0x00000000ddbaabf0,0x00000000e2e80000)
 PSPermGen       total 57344K, used 39832K [0x00000000bae00000, 0x00000000be600000, 0x00000000c0000000)
  object space 57344K, 69% used [0x00000000bae00000,0x00000000bd4e6288,0x00000000be600000)
Event: 286.525 GC heap after
Heap after GC invocations=63 (full 6):
 PSYoungGen      total 242176K, used 32604K [0x00000000eaa80000, 0x00000000fff80000, 0x0000000100000000)
  eden space 134656K, 0% used [0x00000000eaa80000,0x00000000eaa80000,0x00000000f2e00000)
  from space 107520K, 30% used [0x00000000f2e00000,0x00000000f4dd70c8,0x00000000f9700000)
  to   space 100864K, 0% used [0x00000000f9d00000,0x00000000f9d00000,0x00000000fff80000)
 ParOldGen       total 571904K, used 488064K [0x00000000c0000000, 0x00000000e2e80000, 0x00000000eaa80000)
  object space 571904K, 85% used [0x00000000c0000000,0x00000000ddca0370,0x00000000e2e80000)
 PSPermGen       total 57344K, used 39832K [0x00000000bae00000, 0x00000000be600000, 0x00000000c0000000)
  object space 57344K, 69% used [0x00000000bae00000,0x00000000bd4e6288,0x00000000be600000)
}
Event: 581.677 GC heap before
{Heap before GC invocations=64 (full 6):
 PSYoungGen      total 242176K, used 167243K [0x00000000eaa80000, 0x00000000fff80000, 0x0000000100000000)
  eden space 134656K, 99% used [0x00000000eaa80000,0x00000000f2dfbde0,0x00000000f2e00000)
  from space 107520K, 30% used [0x00000000f2e00000,0x00000000f4dd70c8,0x00000000f9700000)
  to   space 100864K, 0% used [0x00000000f9d00000,0x00000000f9d00000,0x00000000fff80000)
 ParOldGen       total 571904K, used 488064K [0x00000000c0000000, 0x00000000e2e80000, 0x00000000eaa80000)
  object space 571904K, 85% used [0x00000000c0000000,0x00000000ddca0370,0x00000000e2e80000)
 PSPermGen       total 57344K, used 39898K [0x00000000bae00000, 0x00000000be600000, 0x00000000c0000000)
  object space 57344K, 69% used [0x00000000bae00000,0x00000000bd4f6ae8,0x00000000be600000)
Event: 581.709 GC heap after
Heap after GC invocations=64 (full 6):
 PSYoungGen      total 232960K, used 6837K [0x00000000eaa80000, 0x00000000ff680000, 0x0000000100000000)
  eden space 141312K, 0% used [0x00000000eaa80000,0x00000000eaa80000,0x00000000f3480000)
  from space 91648K, 7% used [0x00000000f9d00000,0x00000000fa3ad5d8,0x00000000ff680000)
  to   space 99328K, 0% used [0x00000000f3480000,0x00000000f3480000,0x00000000f9580000)
 ParOldGen       total 571904K, used 488072K [0x00000000c0000000, 0x00000000e2e80000, 0x00000000eaa80000)
  object space 571904K, 85% used [0x00000000c0000000,0x00000000ddca2370,0x00000000e2e80000)
 PSPermGen       total 57344K, used 39898K [0x00000000bae00000, 0x00000000be600000, 0x00000000c0000000)
  object space 57344K, 69% used [0x00000000bae00000,0x00000000bd4f6ae8,0x00000000be600000)
}

